0 info it worked if it ends with ok
1 verbose cli [ '/usr/local/bin/node', '/usr/local/bin/npm', 'run', 'start' ]
2 info using npm@3.10.8
3 info using node@v6.9.1
4 verbose run-script [ 'prestart', 'start', 'poststart' ]
5 info lifecycle wavelength@1.0.0~prestart: wavelength@1.0.0
6 silly lifecycle wavelength@1.0.0~prestart: no script for prestart, continuing
7 info lifecycle wavelength@1.0.0~start: wavelength@1.0.0
8 verbose lifecycle wavelength@1.0.0~start: unsafe-perm in lifecycle true
9 verbose lifecycle wavelength@1.0.0~start: PATH: /usr/local/lib/node_modules/npm/bin/node-gyp-bin:/Users/aaronmcleod/src/node/wavelength/node_modules/.bin:/Users/aaronmcleod/.chefdk/gem/ruby/2.1.0/bin:/opt/chefdk/bin:/Users/aaronmcleod/.rbenv/shims:/usr/local/Cellar/vim/7.4.027/bin:/usr/local/heroku/bin:/usr/local/bin:/Users/aaronmcleod/.chefdk/gem/ruby/2.1.0/bin:/opt/chefdk/bin:/Users/aaronmcleod/.rbenv/shims:/usr/local/Cellar/vim/7.4.027/bin:/usr/local/heroku/bin:/usr/local/bin:/usr/local/bin:/usr/bin:/bin:/usr/sbin:/sbin:/opt/X11/bin:/usr/local/go/bin:/opt/sm/bin:/opt/sm/pkg/active/bin:/opt/sm/pkg/active/sbin:/Users/aaronmcleod/bin:/usr/local/go/bin:/Users/aaronmcleod/Library/Android/sdk/platform-tools:/Users/aaronmcleod/Library/Android/sdk/tools:/Users/aaronmcleod/.cargo/bin:/Users/aaronmcleod/go:/Users/aaronmcleod/bin:/usr/local/go/bin:/Users/aaronmcleod/Library/Android/sdk/platform-tools:/Users/aaronmcleod/Library/Android/sdk/tools:/Users/aaronmcleod/.cargo/bin:/Users/aaronmcleod/go
10 verbose lifecycle wavelength@1.0.0~start: CWD: /Users/aaronmcleod/src/node/wavelength
11 silly lifecycle wavelength@1.0.0~start: Args: [ '-c', 'node scripts/start.js' ]
12 silly lifecycle wavelength@1.0.0~start: Returned: code: 1  signal: null
13 info lifecycle wavelength@1.0.0~start: Failed to exec start script
14 verbose stack Error: wavelength@1.0.0 start: `node scripts/start.js`
14 verbose stack Exit status 1
14 verbose stack     at EventEmitter.<anonymous> (/usr/local/lib/node_modules/npm/lib/utils/lifecycle.js:255:16)
14 verbose stack     at emitTwo (events.js:106:13)
14 verbose stack     at EventEmitter.emit (events.js:191:7)
14 verbose stack     at ChildProcess.<anonymous> (/usr/local/lib/node_modules/npm/lib/utils/spawn.js:40:14)
14 verbose stack     at emitTwo (events.js:106:13)
14 verbose stack     at ChildProcess.emit (events.js:191:7)
14 verbose stack     at maybeClose (internal/child_process.js:877:16)
14 verbose stack     at Process.ChildProcess._handle.onexit (internal/child_process.js:226:5)
15 verbose pkgid wavelength@1.0.0
16 verbose cwd /Users/aaronmcleod/src/node/wavelength
17 error Darwin 16.3.0
18 error argv "/usr/local/bin/node" "/usr/local/bin/npm" "run" "start"
19 error node v6.9.1
20 error npm  v3.10.8
21 error code ELIFECYCLE
22 error wavelength@1.0.0 start: `node scripts/start.js`
22 error Exit status 1
23 error Failed at the wavelength@1.0.0 start script 'node scripts/start.js'.
23 error Make sure you have the latest version of node.js and npm installed.
23 error If you do, this is most likely a problem with the wavelength package,
23 error not with npm itself.
23 error Tell the author that this fails on your system:
23 error     node scripts/start.js
23 error You can get information on how to open an issue for this project with:
23 error     npm bugs wavelength
23 error Or if that isn't available, you can get their info via:
23 error     npm owner ls wavelength
23 error There is likely additional logging output above.
24 verbose exit [ 1, true ]
